#-----------------------------------------------------------
# Vivado v2017.4 (64-bit)
# SW Build 2086221 on Fri Dec 15 20:54:30 MST 2017
# IP Build 2085800 on Fri Dec 15 22:25:07 MST 2017
# Start of session at: Fri Sep  6 17:06:13 2019
# Process ID: 22694
# Current directory: /ssddata/arrow/snappy/vhsnunzip/temp/experimenting
# Command line: vivado
# Log file: /ssddata/arrow/snappy/vhsnunzip/temp/experimenting/vivado.log
# Journal file: /ssddata/arrow/snappy/vhsnunzip/temp/experimenting/vivado.jou
#-----------------------------------------------------------
start_gui
open_project /tmp/project_1/project_1.xpr
Scanning sources...
Finished scanning sources
INFO: [IP_Flow 19-234] Refreshing IP repositories
INFO: [IP_Flow 19-1704] No user IP repositories specified
INFO: [IP_Flow 19-2313] Loaded Vivado IP repository '/opt/xilinx-vivado-2017.4/Vivado/2017.4/data/ip'.
open_project: Time (s): cpu = 00:00:17 ; elapsed = 00:00:17 . Memory (MB): peak = 6223.434 ; gain = 82.457 ; free physical = 10712 ; free virtual = 13394
update_compile_order -fileset sources_1
exit
INFO: [Common 17-206] Exiting Vivado at Fri Sep  6 17:08:39 2019...
